  [1m[35m (2.9ms)[0m  [1m[34mSELECT sqlite_version(*)[0m
  [1m[35m (1.5ms)[0m  [1m[35mCREATE TABLE "schema_migrations" ("version" varchar NOT NULL PRIMARY KEY)[0m
  [1m[35m (1.1ms)[0m  [1m[35mCREATE TABLE "ar_internal_metadata" ("key" varchar NOT NULL PRIMARY KEY, "value" varchar, "created_at" datetime(6) NOT NULL, "updated_at" datetime(6) NOT NULL)[0m
  [1m[35m (0.1ms)[0m  [1m[34mSELECT "schema_migrations"."version" FROM "schema_migrations" ORDER BY "schema_migrations"."version" ASC[0m
Migrating to CreateParks (20211108165252)
  [1m[35m (0.0ms)[0m  [1m[36mbegin transaction[0m
  [1m[35m (0.4ms)[0m  [1m[35mCREATE TABLE "parks" ("id" integer PRIMARY KEY AUTOINCREMENT NOT NULL, "name" varchar, "address" varchar, "created_at" datetime(6) NOT NULL, "updated_at" datetime(6) NOT NULL)[0m
  [1m[36mActiveRecord::SchemaMigration Create (0.2ms)[0m  [1m[32mINSERT INTO "schema_migrations" ("version") VALUES (?)[0m  [["version", "20211108165252"]]
  [1m[35m (0.9ms)[0m  [1m[36mcommit transaction[0m
Migrating to CreatePeople (20211108165418)
  [1m[35m (0.1ms)[0m  [1m[36mbegin transaction[0m
  [1m[35m (0.6ms)[0m  [1m[35mCREATE TABLE "people" ("id" integer PRIMARY KEY AUTOINCREMENT NOT NULL, "name" varchar, "age" integer, "created_at" datetime(6) NOT NULL, "updated_at" datetime(6) NOT NULL)[0m
  [1m[36mActiveRecord::SchemaMigration Create (0.3ms)[0m  [1m[32mINSERT INTO "schema_migrations" ("version") VALUES (?)[0m  [["version", "20211108165418"]]
  [1m[35m (0.7ms)[0m  [1m[36mcommit transaction[0m
Migrating to CreateReunion (20211108165513)
  [1m[35m (1.3ms)[0m  [1m[34mSELECT sqlite_version(*)[0m
  [1m[35m (0.5ms)[0m  [1m[34mSELECT "schema_migrations"."version" FROM "schema_migrations" ORDER BY "schema_migrations"."version" ASC[0m
Migrating to CreateReunions (20211108165513)
  [1m[35m (0.1ms)[0m  [1m[36mbegin transaction[0m
  [1m[35m (0.6ms)[0m  [1m[35mCREATE TABLE "reunions" ("id" integer PRIMARY KEY AUTOINCREMENT NOT NULL, "name" varchar, "year" integer, "park_id" integer, "person_id" integer, "created_at" datetime(6) NOT NULL, "updated_at" datetime(6) NOT NULL)[0m
  [1m[36mActiveRecord::SchemaMigration Create (0.5ms)[0m  [1m[32mINSERT INTO "schema_migrations" ("version") VALUES (?)[0m  [["version", "20211108165513"]]
  [1m[35m (1.4ms)[0m  [1m[36mcommit transaction[0m
  [1m[36mActiveRecord::InternalMetadata Load (0.4ms)[0m  [1m[34mSELECT "ar_internal_metadata".* FROM "ar_internal_metadata" WHERE "ar_internal_metadata"."key" = ? LIMIT ?[0m  [["key", "environment"], ["LIMIT", 1]]
  [1m[35m (0.0ms)[0m  [1m[36mbegin transaction[0m
  [1m[36mActiveRecord::InternalMetadata Create (0.5ms)[0m  [1m[32mINSERT INTO "ar_internal_metadata" ("key", "value", "created_at", "updated_at") VALUES (?, ?, ?, ?)[0m  [["key", "environment"], ["value", "development"], ["created_at", "2021-11-08 17:07:47.641351"], ["updated_at", "2021-11-08 17:07:47.641351"]]
  [1m[35m (0.7ms)[0m  [1m[36mcommit transaction[0m
  [1m[35m (0.0ms)[0m  [1m[34mSELECT sqlite_version(*)[0m
  [1m[35m (0.2ms)[0m  [1m[34mSELECT "schema_migrations"."version" FROM "schema_migrations" ORDER BY "schema_migrations"."version" ASC[0m
Started GET "/" for ::1 at 2021-11-08 15:35:59 -0600
  [1m[35m (1.3ms)[0m  [1m[34mSELECT sqlite_version(*)[0m
  [1m[35m (1.0ms)[0m  [1m[34mSELECT "schema_migrations"."version" FROM "schema_migrations" ORDER BY "schema_migrations"."version" ASC[0m
Processing by Rails::WelcomeController#index as HTML
  Rendering /Users/ifeoluwaakinremi-wade/.rvm/gems/ruby-2.6.1/gems/railties-6.0.4.1/lib/rails/templates/rails/welcome/index.html.erb
  Rendered /Users/ifeoluwaakinremi-wade/.rvm/gems/ruby-2.6.1/gems/railties-6.0.4.1/lib/rails/templates/rails/welcome/index.html.erb (Duration: 8.3ms | Allocations: 480)
Completed 200 OK in 24ms (Views: 17.7ms | ActiveRecord: 0.0ms | Allocations: 2632)


Started GET "/parks" for ::1 at 2021-11-08 15:36:06 -0600
Processing by ParksController#index as HTML
  [1m[36mPark Load (0.4ms)[0m  [1m[34mSELECT "parks".* FROM "parks"[0m
  ↳ app/controllers/parks_controller.rb:8:in `index'
Completed 200 OK in 22ms (Views: 3.5ms | ActiveRecord: 0.6ms | Allocations: 3269)


Started GET "/people" for ::1 at 2021-11-08 15:36:15 -0600
Processing by PeopleController#index as HTML
  [1m[36mPerson Load (0.4ms)[0m  [1m[34mSELECT "people".* FROM "people"[0m
  ↳ app/controllers/people_controller.rb:8:in `index'
Completed 200 OK in 8ms (Views: 3.0ms | ActiveRecord: 0.9ms | Allocations: 2308)


Started GET "/reunion" for ::1 at 2021-11-08 15:36:23 -0600
  
ActionController::RoutingError (No route matches [GET] "/reunion"):
  
actionpack (6.0.4.1) lib/action_dispatch/middleware/debug_exceptions.rb:36:in `call'
actionpack (6.0.4.1) lib/action_dispatch/middleware/show_exceptions.rb:33:in `call'
railties (6.0.4.1) lib/rails/rack/logger.rb:37:in `call_app'
railties (6.0.4.1) lib/rails/rack/logger.rb:26:in `block in call'
activesupport (6.0.4.1) lib/active_support/tagged_logging.rb:80:in `block in tagged'
activesupport (6.0.4.1) lib/active_support/tagged_logging.rb:28:in `tagged'
activesupport (6.0.4.1) lib/active_support/tagged_logging.rb:80:in `tagged'
railties (6.0.4.1) lib/rails/rack/logger.rb:26:in `call'
actionpack (6.0.4.1) lib/action_dispatch/middleware/remote_ip.rb:81:in `call'
actionpack (6.0.4.1) lib/action_dispatch/middleware/request_id.rb:27:in `call'
rack (2.2.3) lib/rack/runtime.rb:22:in `call'
activesupport (6.0.4.1) lib/active_support/cache/strategy/local_cache_middleware.rb:29:in `call'
actionpack (6.0.4.1) lib/action_dispatch/middleware/executor.rb:14:in `call'
actionpack (6.0.4.1) lib/action_dispatch/middleware/static.rb:126:in `call'
rack (2.2.3) lib/rack/sendfile.rb:110:in `call'
actionpack (6.0.4.1) lib/action_dispatch/middleware/host_authorization.rb:82:in `call'
railties (6.0.4.1) lib/rails/engine.rb:527:in `call'
puma (4.3.10) lib/puma/configuration.rb:228:in `call'
puma (4.3.10) lib/puma/server.rb:718:in `handle_request'
puma (4.3.10) lib/puma/server.rb:472:in `process_client'
puma (4.3.10) lib/puma/server.rb:328:in `block in run'
puma (4.3.10) lib/puma/thread_pool.rb:134:in `block in spawn_thread'
Started GET "/reunions" for ::1 at 2021-11-08 15:36:26 -0600
Processing by ReunionsController#index as HTML
  [1m[36mReunion Load (0.7ms)[0m  [1m[34mSELECT "reunions".* FROM "reunions"[0m
  ↳ app/controllers/reunions_controller.rb:8:in `index'
Completed 200 OK in 11ms (Views: 2.2ms | ActiveRecord: 1.3ms | Allocations: 2690)


  [1m[35m (1.4ms)[0m  [1m[34mSELECT sqlite_version(*)[0m
  [1m[35m (0.7ms)[0m  [1m[34mSELECT "schema_migrations"."version" FROM "schema_migrations" ORDER BY "schema_migrations"."version" ASC[0m
  [1m[35m (0.3ms)[0m  [1m[34mSELECT sqlite_version(*)[0m
  [1m[35m (0.1ms)[0m  [1m[34mSELECT "schema_migrations"."version" FROM "schema_migrations" ORDER BY "schema_migrations"."version" ASC[0m
  [1m[35m (0.3ms)[0m  [1m[34mSELECT sqlite_version(*)[0m
  [1m[35m (0.1ms)[0m  [1m[34mSELECT "schema_migrations"."version" FROM "schema_migrations" ORDER BY "schema_migrations"."version" ASC[0m
  [1m[35m (0.1ms)[0m  [1m[34mSELECT sqlite_version(*)[0m
  [1m[35m (0.2ms)[0m  [1m[36mbegin transaction[0m
  [1m[36mPerson Load (0.4ms)[0m  [1m[34mSELECT "people".* FROM "people" WHERE "people"."id" = ? LIMIT ?[0m  [["id", 1], ["LIMIT", 1]]
  [1m[36mPark Load (0.3ms)[0m  [1m[34mSELECT "parks".* FROM "parks" WHERE "parks"."id" = ? LIMIT ?[0m  [["id", 1], ["LIMIT", 1]]
  [1m[35m (0.1ms)[0m  [1m[31mrollback transaction[0m
  [1m[35m (0.0ms)[0m  [1m[36mbegin transaction[0m
  [1m[36mPerson Create (0.8ms)[0m  [1m[32mINSERT INTO "people" ("name", "age", "created_at", "updated_at") VALUES (?, ?, ?, ?)[0m  [["name", "Tobias Rufus"], ["age", 70], ["created_at", "2021-11-08 21:53:57.520961"], ["updated_at", "2021-11-08 21:53:57.520961"]]
  [1m[35m (0.8ms)[0m  [1m[36mcommit transaction[0m
  [1m[35m (0.0ms)[0m  [1m[36mbegin transaction[0m
  [1m[36mPark Create (0.3ms)[0m  [1m[32mINSERT INTO "parks" ("name", "created_at", "updated_at") VALUES (?, ?, ?)[0m  [["name", "Liberty Mutual Public Park"], ["created_at", "2021-11-08 21:53:57.528550"], ["updated_at", "2021-11-08 21:53:57.528550"]]
  [1m[35m (0.7ms)[0m  [1m[36mcommit transaction[0m
Started GET "/reunions" for ::1 at 2021-11-08 15:54:03 -0600
  [1m[35m (0.1ms)[0m  [1m[34mSELECT sqlite_version(*)[0m
Processing by ReunionsController#index as HTML
  [1m[36mReunion Load (0.2ms)[0m  [1m[34mSELECT "reunions".* FROM "reunions"[0m
  ↳ app/controllers/reunions_controller.rb:8:in `index'
Completed 200 OK in 2ms (Views: 1.1ms | ActiveRecord: 0.2ms | Allocations: 817)


Started GET "/reunions" for ::1 at 2021-11-08 15:54:18 -0600
  [1m[35m (0.8ms)[0m  [1m[34mSELECT sqlite_version(*)[0m
  [1m[35m (0.1ms)[0m  [1m[34mSELECT "schema_migrations"."version" FROM "schema_migrations" ORDER BY "schema_migrations"."version" ASC[0m
Processing by ReunionsController#index as HTML
  [1m[36mReunion Load (0.2ms)[0m  [1m[34mSELECT "reunions".* FROM "reunions"[0m
  ↳ app/controllers/reunions_controller.rb:8:in `index'
Completed 200 OK in 12ms (Views: 4.0ms | ActiveRecord: 0.5ms | Allocations: 2435)


Started GET "/parks" for ::1 at 2021-11-08 15:54:29 -0600
Processing by ParksController#index as HTML
  [1m[36mPark Load (0.4ms)[0m  [1m[34mSELECT "parks".* FROM "parks"[0m
  ↳ app/controllers/parks_controller.rb:8:in `index'
Completed 200 OK in 16ms (Views: 7.9ms | ActiveRecord: 1.4ms | Allocations: 5988)


Started GET "/people" for ::1 at 2021-11-08 15:54:45 -0600
Processing by PeopleController#index as HTML
  [1m[36mPerson Load (0.2ms)[0m  [1m[34mSELECT "people".* FROM "people"[0m
  ↳ app/controllers/people_controller.rb:8:in `index'
Completed 200 OK in 16ms (Views: 6.0ms | ActiveRecord: 0.8ms | Allocations: 5457)


Started GET "/" for ::1 at 2021-11-10 08:33:40 -0600
  [1m[35m (2.7ms)[0m  [1m[34mSELECT sqlite_version(*)[0m
  [1m[35m (0.5ms)[0m  [1m[34mSELECT "schema_migrations"."version" FROM "schema_migrations" ORDER BY "schema_migrations"."version" ASC[0m
Processing by Rails::WelcomeController#index as HTML
  Rendering /Users/ifeoluwaakinremi-wade/.rvm/gems/ruby-2.6.1/gems/railties-6.0.4.1/lib/rails/templates/rails/welcome/index.html.erb
  Rendered /Users/ifeoluwaakinremi-wade/.rvm/gems/ruby-2.6.1/gems/railties-6.0.4.1/lib/rails/templates/rails/welcome/index.html.erb (Duration: 8.7ms | Allocations: 480)
Completed 200 OK in 20ms (Views: 15.1ms | ActiveRecord: 0.0ms | Allocations: 2631)


Started GET "/parks" for ::1 at 2021-11-10 08:33:49 -0600
Processing by ParksController#index as HTML
  [1m[36mPark Load (0.5ms)[0m  [1m[34mSELECT "parks".* FROM "parks"[0m
  ↳ app/controllers/parks_controller.rb:8:in `index'
Completed 200 OK in 17ms (Views: 5.9ms | ActiveRecord: 1.4ms | Allocations: 6710)


Started GET "/parks" for ::1 at 2021-11-24 13:13:55 -0600
Started GET "/people" for ::1 at 2021-11-24 13:13:55 -0600
Started GET "/reunions" for ::1 at 2021-11-24 13:13:55 -0600
  [1m[35m (0.1ms)[0m  [1m[34mSELECT sqlite_version(*)[0m
  [1m[35m (0.7ms)[0m  [1m[34mSELECT sqlite_version(*)[0m
  [1m[35m (1.2ms)[0m  [1m[34mSELECT "schema_migrations"."version" FROM "schema_migrations" ORDER BY "schema_migrations"."version" ASC[0m
  [1m[35m (0.2ms)[0m  [1m[34mSELECT "schema_migrations"."version" FROM "schema_migrations" ORDER BY "schema_migrations"."version" ASC[0m
Processing by ParksController#index as */*
  [1m[35m (0.1ms)[0m  [1m[34mSELECT sqlite_version(*)[0m
  [1m[36mPark Load (0.6ms)[0m  [1m[34mSELECT "parks".* FROM "parks"[0m
  ↳ app/controllers/parks_controller.rb:8:in `index'
Completed 200 OK in 12ms (Views: 8.1ms | ActiveRecord: 1.0ms | Allocations: 7144)


Processing by PeopleController#index as */*
Processing by ReunionsController#index as HTML
  [1m[36mReunion Load (0.8ms)[0m  [1m[34mSELECT "reunions".* FROM "reunions"[0m
  ↳ app/controllers/reunions_controller.rb:8:in `index'
Completed 200 OK in 24ms (Views: 9.2ms | ActiveRecord: 1.2ms | Allocations: 2760)


Started GET "/parks" for ::1 at 2021-11-24 13:13:55 -0600
  [1m[36mPerson Load (1.7ms)[0m  [1m[34mSELECT "people".* FROM "people"[0m
  ↳ app/controllers/people_controller.rb:8:in `index'
Processing by ParksController#index as */*
  [1m[36mPark Load (0.2ms)[0m  [1m[34mSELECT "parks".* FROM "parks"[0m
  ↳ app/controllers/parks_controller.rb:8:in `index'
Completed 200 OK in 2ms (Views: 1.8ms | ActiveRecord: 0.2ms | Allocations: 943)


Completed 200 OK in 48ms (Views: 13.1ms | ActiveRecord: 2.5ms | Allocations: 10653)


Started GET "/reunions" for ::1 at 2021-11-24 13:13:55 -0600
Started GET "/people" for ::1 at 2021-11-24 13:13:55 -0600
Processing by PeopleController#index as */*
  [1m[36mPerson Load (0.1ms)[0m  [1m[34mSELECT "people".* FROM "people"[0m
  ↳ app/controllers/people_controller.rb:8:in `index'
Processing by ReunionsController#index as HTML
  [1m[36mReunion Load (0.1ms)[0m  [1m[34mSELECT "reunions".* FROM "reunions"[0m
  ↳ app/controllers/reunions_controller.rb:8:in `index'
Completed 200 OK in 9ms (Views: 8.6ms | ActiveRecord: 0.1ms | Allocations: 1796)


Completed 200 OK in 2ms (Views: 1.4ms | ActiveRecord: 0.1ms | Allocations: 795)


Started GET "/parks" for ::1 at 2021-11-24 13:14:08 -0600
Started GET "/people" for ::1 at 2021-11-24 13:14:08 -0600
Processing by PeopleController#index as */*
  [1m[36mPerson Load (0.2ms)[0m  [1m[34mSELECT "people".* FROM "people"[0m
  ↳ app/controllers/people_controller.rb:8:in `index'
Completed 200 OK in 3ms (Views: 2.8ms | ActiveRecord: 0.2ms | Allocations: 1186)


Started GET "/reunions" for ::1 at 2021-11-24 13:14:08 -0600
Processing by ReunionsController#index as HTML
  [1m[36mReunion Load (0.1ms)[0m  [1m[34mSELECT "reunions".* FROM "reunions"[0m
  ↳ app/controllers/reunions_controller.rb:8:in `index'
Completed 200 OK in 2ms (Views: 1.2ms | ActiveRecord: 0.1ms | Allocations: 795)


Processing by ParksController#index as */*
  [1m[36mPark Load (0.2ms)[0m  [1m[34mSELECT "parks".* FROM "parks"[0m
  ↳ app/controllers/parks_controller.rb:8:in `index'
Completed 200 OK in 2ms (Views: 1.4ms | ActiveRecord: 0.2ms | Allocations: 960)


Started GET "/" for ::1 at 2021-11-24 13:14:26 -0600
Processing by Rails::WelcomeController#index as HTML
  Rendering /Users/ifeoluwaakinremi-wade/.rvm/gems/ruby-2.6.1/gems/railties-6.0.4.1/lib/rails/templates/rails/welcome/index.html.erb
  Rendered /Users/ifeoluwaakinremi-wade/.rvm/gems/ruby-2.6.1/gems/railties-6.0.4.1/lib/rails/templates/rails/welcome/index.html.erb (Duration: 6.4ms | Allocations: 315)
Completed 200 OK in 11ms (Views: 8.5ms | ActiveRecord: 0.0ms | Allocations: 1590)


Started GET "/people" for ::1 at 2021-11-24 13:14:39 -0600
Processing by PeopleController#index as HTML
  [1m[36mPerson Load (0.1ms)[0m  [1m[34mSELECT "people".* FROM "people"[0m
  ↳ app/controllers/people_controller.rb:8:in `index'
Completed 200 OK in 2ms (Views: 1.6ms | ActiveRecord: 0.1ms | Allocations: 924)


Started GET "/parks" for ::1 at 2021-11-24 13:14:46 -0600
Processing by ParksController#index as HTML
  [1m[36mPark Load (0.1ms)[0m  [1m[34mSELECT "parks".* FROM "parks"[0m
  ↳ app/controllers/parks_controller.rb:8:in `index'
Completed 200 OK in 2ms (Views: 1.2ms | ActiveRecord: 0.1ms | Allocations: 926)


Started GET "/reunion" for ::1 at 2021-11-24 13:15:02 -0600
  
ActionController::RoutingError (No route matches [GET] "/reunion"):
  
actionpack (6.0.4.1) lib/action_dispatch/middleware/debug_exceptions.rb:36:in `call'
actionpack (6.0.4.1) lib/action_dispatch/middleware/show_exceptions.rb:33:in `call'
railties (6.0.4.1) lib/rails/rack/logger.rb:37:in `call_app'
railties (6.0.4.1) lib/rails/rack/logger.rb:26:in `block in call'
activesupport (6.0.4.1) lib/active_support/tagged_logging.rb:80:in `block in tagged'
activesupport (6.0.4.1) lib/active_support/tagged_logging.rb:28:in `tagged'
activesupport (6.0.4.1) lib/active_support/tagged_logging.rb:80:in `tagged'
railties (6.0.4.1) lib/rails/rack/logger.rb:26:in `call'
actionpack (6.0.4.1) lib/action_dispatch/middleware/remote_ip.rb:81:in `call'
actionpack (6.0.4.1) lib/action_dispatch/middleware/request_id.rb:27:in `call'
rack (2.2.3) lib/rack/runtime.rb:22:in `call'
activesupport (6.0.4.1) lib/active_support/cache/strategy/local_cache_middleware.rb:29:in `call'
actionpack (6.0.4.1) lib/action_dispatch/middleware/executor.rb:14:in `call'
actionpack (6.0.4.1) lib/action_dispatch/middleware/static.rb:126:in `call'
rack (2.2.3) lib/rack/sendfile.rb:110:in `call'
actionpack (6.0.4.1) lib/action_dispatch/middleware/host_authorization.rb:82:in `call'
railties (6.0.4.1) lib/rails/engine.rb:527:in `call'
puma (4.3.10) lib/puma/configuration.rb:228:in `call'
puma (4.3.10) lib/puma/server.rb:718:in `handle_request'
puma (4.3.10) lib/puma/server.rb:472:in `process_client'
puma (4.3.10) lib/puma/server.rb:328:in `block in run'
puma (4.3.10) lib/puma/thread_pool.rb:134:in `block in spawn_thread'
Started GET "/reunions" for ::1 at 2021-11-24 13:15:06 -0600
Processing by ReunionsController#index as HTML
  [1m[36mReunion Load (0.2ms)[0m  [1m[34mSELECT "reunions".* FROM "reunions"[0m
  ↳ app/controllers/reunions_controller.rb:8:in `index'
Completed 200 OK in 2ms (Views: 1.2ms | ActiveRecord: 0.2ms | Allocations: 843)


Started GET "/parks" for ::1 at 2021-11-24 14:17:42 -0600
  [1m[35m (0.1ms)[0m  [1m[34mSELECT sqlite_version(*)[0m
Processing by ParksController#index as */*
  [1m[36mPark Load (0.7ms)[0m  [1m[34mSELECT "parks".* FROM "parks"[0m
  ↳ app/controllers/parks_controller.rb:8:in `index'
Completed 200 OK in 3ms (Views: 1.6ms | ActiveRecord: 0.7ms | Allocations: 952)


Started GET "/parks" for ::1 at 2021-11-24 14:17:58 -0600
Started GET "/people" for ::1 at 2021-11-24 14:17:58 -0600
Processing by ParksController#index as */*
  [1m[36mPark Load (0.1ms)[0m  [1m[34mSELECT "parks".* FROM "parks"[0m
  [1m[35m (0.1ms)[0m  [1m[34mSELECT sqlite_version(*)[0m
  ↳ app/controllers/parks_controller.rb:8:in `index'
Completed 200 OK in 8ms (Views: 7.3ms | ActiveRecord: 0.1ms | Allocations: 1851)


Processing by PeopleController#index as */*
  [1m[36mPerson Load (2.5ms)[0m  [1m[34mSELECT "people".* FROM "people"[0m
  ↳ app/controllers/people_controller.rb:8:in `index'
Started GET "/reunions" for ::1 at 2021-11-24 14:17:58 -0600
Completed 200 OK in 9ms (Views: 6.3ms | ActiveRecord: 2.5ms | Allocations: 1296)


Processing by ReunionsController#index as HTML
  [1m[36mReunion Load (0.7ms)[0m  [1m[34mSELECT "reunions".* FROM "reunions"[0m
  ↳ app/controllers/reunions_controller.rb:8:in `index'
Completed 200 OK in 4ms (Views: 3.0ms | ActiveRecord: 0.7ms | Allocations: 814)


Started GET "/parks" for ::1 at 2021-11-24 14:18:00 -0600
Processing by ParksController#index as */*
  [1m[36mPark Load (0.1ms)[0m  [1m[34mSELECT "parks".* FROM "parks"[0m
Started GET "/people" for ::1 at 2021-11-24 14:18:00 -0600
  ↳ app/controllers/parks_controller.rb:8:in `index'
Processing by PeopleController#index as */*
Completed 200 OK in 5ms (Views: 4.2ms | ActiveRecord: 0.1ms | Allocations: 1283)


  [1m[36mPerson Load (0.2ms)[0m  [1m[34mSELECT "people".* FROM "people"[0m
  ↳ app/controllers/people_controller.rb:8:in `index'
Completed 200 OK in 4ms (Views: 1.9ms | ActiveRecord: 0.2ms | Allocations: 1222)


Started GET "/reunions" for ::1 at 2021-11-24 14:18:00 -0600
Processing by ReunionsController#index as HTML
  [1m[36mReunion Load (0.1ms)[0m  [1m[34mSELECT "reunions".* FROM "reunions"[0m
  ↳ app/controllers/reunions_controller.rb:8:in `index'
Completed 200 OK in 2ms (Views: 1.4ms | ActiveRecord: 0.1ms | Allocations: 795)


Started GET "/people" for ::1 at 2021-11-24 14:19:37 -0600
Processing by PeopleController#index as */*
  [1m[36mPerson Load (1.8ms)[0m  [1m[34mSELECT "people".* FROM "people"[0m
  ↳ app/controllers/people_controller.rb:8:in `index'
Completed 200 OK in 4ms (Views: 1.5ms | ActiveRecord: 1.8ms | Allocations: 941)


Started GET "/parks" for ::1 at 2021-11-24 14:19:37 -0600
Started GET "/reunions" for ::1 at 2021-11-24 14:19:37 -0600
Processing by ReunionsController#index as HTML
Processing by ParksController#index as */*
  [1m[36mPark Load (0.1ms)[0m  [1m[34mSELECT "parks".* FROM "parks"[0m
  [1m[36mReunion Load (8.8ms)[0m  [1m[34mSELECT "reunions".* FROM "reunions"[0m
  ↳ app/controllers/reunions_controller.rb:8:in `index'
Completed 200 OK in 10ms (Views: 1.1ms | ActiveRecord: 8.8ms | Allocations: 1340)


  ↳ app/controllers/parks_controller.rb:8:in `index'
Completed 200 OK in 5ms (Views: 4.1ms | ActiveRecord: 0.1ms | Allocations: 1816)


Started GET "/parks" for ::1 at 2021-11-24 14:22:43 -0600
Processing by ParksController#index as */*
  [1m[36mPark Load (0.1ms)[0m  [1m[34mSELECT "parks".* FROM "parks"[0m
Started GET "/people" for ::1 at 2021-11-24 14:22:43 -0600
  ↳ app/controllers/parks_controller.rb:8:in `index'
Completed 200 OK in 5ms (Views: 4.7ms | ActiveRecord: 0.1ms | Allocations: 1239)


Processing by PeopleController#index as */*
  [1m[36mPerson Load (0.2ms)[0m  [1m[34mSELECT "people".* FROM "people"[0m
  ↳ app/controllers/people_controller.rb:8:in `index'
Completed 200 OK in 2ms (Views: 1.6ms | ActiveRecord: 0.2ms | Allocations: 926)


Started GET "/reunions" for ::1 at 2021-11-24 14:22:43 -0600
Processing by ReunionsController#index as HTML
  [1m[36mReunion Load (0.2ms)[0m  [1m[34mSELECT "reunions".* FROM "reunions"[0m
  ↳ app/controllers/reunions_controller.rb:8:in `index'
Completed 200 OK in 2ms (Views: 1.3ms | ActiveRecord: 0.2ms | Allocations: 795)


Started GET "/parks" for ::1 at 2021-11-24 14:22:52 -0600
Processing by ParksController#index as */*
Started GET "/people" for ::1 at 2021-11-24 14:22:52 -0600
  [1m[36mPark Load (0.2ms)[0m  [1m[34mSELECT "parks".* FROM "parks"[0m
  ↳ app/controllers/parks_controller.rb:8:in `index'
Completed 200 OK in 37ms (Views: 34.8ms | ActiveRecord: 0.2ms | Allocations: 1333)


Started GET "/reunions" for ::1 at 2021-11-24 14:22:52 -0600
Processing by PeopleController#index as */*
  [1m[36mPerson Load (0.2ms)[0m  [1m[34mSELECT "people".* FROM "people"[0m
Processing by ReunionsController#index as HTML
  ↳ app/controllers/people_controller.rb:8:in `index'
Completed 200 OK in 21ms (Views: 20.5ms | ActiveRecord: 0.2ms | Allocations: 1270)


  [1m[36mReunion Load (1.0ms)[0m  [1m[34mSELECT "reunions".* FROM "reunions"[0m
  ↳ app/controllers/reunions_controller.rb:8:in `index'
Completed 200 OK in 20ms (Views: 17.6ms | ActiveRecord: 1.0ms | Allocations: 1448)


Started GET "/parks" for ::1 at 2021-11-24 14:22:58 -0600
Started GET "/people" for ::1 at 2021-11-24 14:22:58 -0600
Processing by ParksController#index as */*
  [1m[36mPark Load (0.2ms)[0m  [1m[34mSELECT "parks".* FROM "parks"[0m
  ↳ app/controllers/parks_controller.rb:8:in `index'
Completed 200 OK in 5ms (Views: 4.8ms | ActiveRecord: 0.2ms | Allocations: 1079)


Processing by PeopleController#index as */*
  [1m[36mPerson Load (0.3ms)[0m  [1m[34mSELECT "people".* FROM "people"[0m
Started GET "/reunions" for ::1 at 2021-11-24 14:22:58 -0600
  ↳ app/controllers/people_controller.rb:8:in `index'
Completed 200 OK in 4ms (Views: 3.6ms | ActiveRecord: 0.3ms | Allocations: 1192)


Processing by ReunionsController#index as HTML
  [1m[36mReunion Load (0.2ms)[0m  [1m[34mSELECT "reunions".* FROM "reunions"[0m
  ↳ app/controllers/reunions_controller.rb:8:in `index'
Completed 200 OK in 3ms (Views: 2.6ms | ActiveRecord: 0.2ms | Allocations: 795)


Started GET "/parks" for ::1 at 2021-11-24 14:25:23 -0600
Processing by ParksController#index as */*
  [1m[36mPark Load (0.2ms)[0m  [1m[34mSELECT "parks".* FROM "parks"[0m
  ↳ app/controllers/parks_controller.rb:8:in `index'
Completed 200 OK in 3ms (Views: 2.7ms | ActiveRecord: 0.2ms | Allocations: 928)


Started GET "/people" for ::1 at 2021-11-24 14:25:23 -0600
Processing by PeopleController#index as */*
  [1m[36mPerson Load (0.2ms)[0m  [1m[34mSELECT "people".* FROM "people"[0m
  ↳ app/controllers/people_controller.rb:8:in `index'
Completed 200 OK in 2ms (Views: 1.9ms | ActiveRecord: 0.2ms | Allocations: 926)


Started GET "/reunions" for ::1 at 2021-11-24 14:25:23 -0600
Processing by ReunionsController#index as HTML
  [1m[36mReunion Load (0.2ms)[0m  [1m[34mSELECT "reunions".* FROM "reunions"[0m
  ↳ app/controllers/reunions_controller.rb:8:in `index'
Completed 200 OK in 2ms (Views: 1.4ms | ActiveRecord: 0.2ms | Allocations: 795)


Started GET "/people" for ::1 at 2021-11-24 14:25:42 -0600
Started GET "/parks" for ::1 at 2021-11-24 14:25:42 -0600
Started GET "/reunions" for ::1 at 2021-11-24 14:25:42 -0600
  [1m[35m (0.1ms)[0m  [1m[34mSELECT sqlite_version(*)[0m
Processing by ParksController#index as */*
Processing by PeopleController#index as */*
Processing by ReunionsController#index as HTML
  [1m[36mReunion Load (0.1ms)[0m  [1m[34mSELECT "reunions".* FROM "reunions"[0m
  [1m[36mPerson Load (0.2ms)[0m  [1m[34mSELECT "people".* FROM "people"[0m
  ↳ app/controllers/people_controller.rb:8:in `index'
Completed 200 OK in 5ms (Views: 4.4ms | ActiveRecord: 0.2ms | Allocations: 1826)


  [1m[36mPark Load (0.6ms)[0m  [1m[34mSELECT "parks".* FROM "parks"[0m
  ↳ app/controllers/reunions_controller.rb:8:in `index'
  ↳ app/controllers/parks_controller.rb:8:in `index'
Completed 200 OK in 8ms (Views: 6.0ms | ActiveRecord: 0.6ms | Allocations: 2925)


Completed 200 OK in 7ms (Views: 6.2ms | ActiveRecord: 0.1ms | Allocations: 2619)


Started GET "/parks" for ::1 at 2021-11-24 14:25:49 -0600
Started GET "/people" for ::1 at 2021-11-24 14:25:49 -0600
Processing by PeopleController#index as */*
Processing by ParksController#index as */*
  [1m[36mPerson Load (0.3ms)[0m  [1m[34mSELECT "people".* FROM "people"[0m
  ↳ app/controllers/people_controller.rb:8:in `index'
  [1m[36mPark Load (0.2ms)[0m  [1m[34mSELECT "parks".* FROM "parks"[0m
Completed 200 OK in 4ms (Views: 2.9ms | ActiveRecord: 0.3ms | Allocations: 1078)


  ↳ app/controllers/parks_controller.rb:8:in `index'
Completed 200 OK in 5ms (Views: 4.4ms | ActiveRecord: 0.2ms | Allocations: 1920)


Started GET "/reunions" for ::1 at 2021-11-24 14:25:49 -0600
Processing by ReunionsController#index as HTML
  [1m[36mReunion Load (0.2ms)[0m  [1m[34mSELECT "reunions".* FROM "reunions"[0m
  ↳ app/controllers/reunions_controller.rb:8:in `index'
Completed 200 OK in 2ms (Views: 1.7ms | ActiveRecord: 0.2ms | Allocations: 814)


Started GET "/parks" for ::1 at 2021-11-24 14:26:04 -0600
Started GET "/people" for ::1 at 2021-11-24 14:26:04 -0600
Processing by ParksController#index as */*
  [1m[36mPark Load (0.2ms)[0m  [1m[34mSELECT "parks".* FROM "parks"[0m
Processing by PeopleController#index as */*
  [1m[36mPerson Load (0.1ms)[0m  [1m[34mSELECT "people".* FROM "people"[0m
  ↳ app/controllers/people_controller.rb:8:in `index'
Completed 200 OK in 2ms (Views: 1.1ms | ActiveRecord: 0.1ms | Allocations: 926)


  ↳ app/controllers/parks_controller.rb:8:in `index'
Started GET "/reunions" for ::1 at 2021-11-24 14:26:04 -0600
Completed 200 OK in 6ms (Views: 5.3ms | ActiveRecord: 0.2ms | Allocations: 2194)


Processing by ReunionsController#index as HTML
  [1m[36mReunion Load (0.2ms)[0m  [1m[34mSELECT "reunions".* FROM "reunions"[0m
  ↳ app/controllers/reunions_controller.rb:8:in `index'
Completed 200 OK in 2ms (Views: 1.8ms | ActiveRecord: 0.2ms | Allocations: 795)


Started GET "/parks" for ::1 at 2021-11-24 14:26:50 -0600
Processing by ParksController#index as */*
Started GET "/people" for ::1 at 2021-11-24 14:26:50 -0600
  [1m[36mPark Load (0.1ms)[0m  [1m[34mSELECT "parks".* FROM "parks"[0m
  ↳ app/controllers/parks_controller.rb:8:in `index'
Processing by PeopleController#index as */*
  [1m[36mPerson Load (0.2ms)[0m  [1m[34mSELECT "people".* FROM "people"[0m
Started GET "/reunions" for ::1 at 2021-11-24 14:26:50 -0600
Completed 200 OK in 4ms (Views: 3.6ms | ActiveRecord: 0.1ms | Allocations: 1258)


  ↳ app/controllers/people_controller.rb:8:in `index'
Processing by ReunionsController#index as HTML
Completed 200 OK in 6ms (Views: 5.6ms | ActiveRecord: 0.2ms | Allocations: 1324)


  [1m[36mReunion Load (0.2ms)[0m  [1m[34mSELECT "reunions".* FROM "reunions"[0m
  ↳ app/controllers/reunions_controller.rb:8:in `index'
Completed 200 OK in 3ms (Views: 2.2ms | ActiveRecord: 0.2ms | Allocations: 969)


Started GET "/parks" for ::1 at 2021-11-24 14:27:10 -0600
Started GET "/people" for ::1 at 2021-11-24 14:27:10 -0600
Processing by PeopleController#index as */*
  [1m[36mPerson Load (0.2ms)[0m  [1m[34mSELECT "people".* FROM "people"[0m
Started GET "/reunions" for ::1 at 2021-11-24 14:27:10 -0600
Processing by ReunionsController#index as HTML
  [1m[36mReunion Load (0.1ms)[0m  [1m[34mSELECT "reunions".* FROM "reunions"[0m
  ↳ app/controllers/reunions_controller.rb:8:in `index'
Completed 200 OK in 3ms (Views: 2.5ms | ActiveRecord: 0.1ms | Allocations: 1599)


Processing by ParksController#index as */*
  ↳ app/controllers/people_controller.rb:8:in `index'
  [1m[36mPark Load (0.1ms)[0m  [1m[34mSELECT "parks".* FROM "parks"[0m
  ↳ app/controllers/parks_controller.rb:8:in `index'
Completed 200 OK in 9ms (Views: 8.1ms | ActiveRecord: 0.2ms | Allocations: 3636)


Completed 200 OK in 3ms (Views: 2.7ms | ActiveRecord: 0.1ms | Allocations: 1121)


Started GET "/people" for ::1 at 2021-11-24 14:53:23 -0600
Started GET "/parks" for ::1 at 2021-11-24 14:53:23 -0600
Started GET "/reunions" for ::1 at 2021-11-24 14:53:23 -0600
  [1m[35m (0.5ms)[0m  [1m[34mSELECT sqlite_version(*)[0m
  [1m[35m (2.4ms)[0m  [1m[34mSELECT "schema_migrations"."version" FROM "schema_migrations" ORDER BY "schema_migrations"."version" ASC[0m
Processing by ParksController#index as */*
  [1m[35m (0.1ms)[0m  [1m[34mSELECT sqlite_version(*)[0m
  [1m[35m (0.1ms)[0m  [1m[34mSELECT sqlite_version(*)[0m
Processing by ReunionsController#index as HTML
  [1m[36mReunion Load (0.1ms)[0m  [1m[34mSELECT "reunions".* FROM "reunions"[0m
Processing by PeopleController#index as */*
  [1m[36mPerson Load (0.1ms)[0m  [1m[34mSELECT "people".* FROM "people"[0m
  ↳ app/controllers/people_controller.rb:8:in `index'
Completed 200 OK in 9ms (Views: 6.2ms | ActiveRecord: 0.9ms | Allocations: 5890)


  ↳ app/controllers/reunions_controller.rb:8:in `index'
Completed 200 OK in 16ms (Views: 13.5ms | ActiveRecord: 0.5ms | Allocations: 9211)


  [1m[36mPark Load (0.6ms)[0m  [1m[34mSELECT "parks".* FROM "parks"[0m
  ↳ app/controllers/parks_controller.rb:8:in `index'
Completed 200 OK in 34ms (Views: 28.4ms | ActiveRecord: 1.2ms | Allocations: 17455)


Started GET "/people" for ::1 at 2021-11-24 14:55:01 -0600
Started GET "/parks" for ::1 at 2021-11-24 14:55:01 -0600
Processing by ParksController#index as */*
Processing by PeopleController#index as */*
  [1m[36mPerson Load (0.2ms)[0m  [1m[34mSELECT "people".* FROM "people"[0m
  [1m[36mPark Load (0.1ms)[0m  [1m[34mSELECT "parks".* FROM "parks"[0m
  ↳ app/controllers/parks_controller.rb:8:in `index'
Completed 200 OK in 5ms (Views: 1.3ms | ActiveRecord: 0.1ms | Allocations: 1307)


  ↳ app/controllers/people_controller.rb:8:in `index'
Started GET "/reunions" for ::1 at 2021-11-24 14:55:01 -0600
Completed 200 OK in 7ms (Views: 5.6ms | ActiveRecord: 0.2ms | Allocations: 2398)


Processing by ReunionsController#index as HTML
  [1m[36mReunion Load (0.3ms)[0m  [1m[34mSELECT "reunions".* FROM "reunions"[0m
  ↳ app/controllers/reunions_controller.rb:8:in `index'
Completed 200 OK in 2ms (Views: 1.3ms | ActiveRecord: 0.3ms | Allocations: 815)


Started GET "/people" for ::1 at 2021-11-24 14:55:21 -0600
Started GET "/parks" for ::1 at 2021-11-24 14:55:21 -0600
Started GET "/reunions" for ::1 at 2021-11-24 14:55:21 -0600
  [1m[35m (0.4ms)[0m  [1m[34mSELECT sqlite_version(*)[0m
  [1m[35m (0.1ms)[0m  [1m[34mSELECT sqlite_version(*)[0m
  [1m[35m (0.1ms)[0m  [1m[34mSELECT sqlite_version(*)[0m
  [1m[35m (0.1ms)[0m  [1m[34mSELECT "schema_migrations"."version" FROM "schema_migrations" ORDER BY "schema_migrations"."version" ASC[0m
Processing by ParksController#index as */*
  [1m[36mPark Load (0.1ms)[0m  [1m[34mSELECT "parks".* FROM "parks"[0m
  ↳ app/controllers/parks_controller.rb:8:in `index'
  [1m[35m (0.2ms)[0m  [1m[34mSELECT "schema_migrations"."version" FROM "schema_migrations" ORDER BY "schema_migrations"."version" ASC[0m
Processing by PeopleController#index as */*
  [1m[36mPerson Load (0.3ms)[0m  [1m[34mSELECT "people".* FROM "people"[0m
  [1m[35m (0.1ms)[0m  [1m[34mSELECT "schema_migrations"."version" FROM "schema_migrations" ORDER BY "schema_migrations"."version" ASC[0m
Processing by ReunionsController#index as HTML
  [1m[36mReunion Load (0.1ms)[0m  [1m[34mSELECT "reunions".* FROM "reunions"[0m
  ↳ app/controllers/people_controller.rb:8:in `index'
Completed 200 OK in 14ms (Views: 10.7ms | ActiveRecord: 0.9ms | Allocations: 8076)


  ↳ app/controllers/reunions_controller.rb:8:in `index'
Completed 200 OK in 9ms (Views: 5.4ms | ActiveRecord: 0.7ms | Allocations: 6385)


Completed 200 OK in 11ms (Views: 8.1ms | ActiveRecord: 0.4ms | Allocations: 6141)


Started GET "/parks" for ::1 at 2021-11-24 15:18:46 -0600
  [1m[35m (0.1ms)[0m  [1m[34mSELECT sqlite_version(*)[0m
Started GET "/people" for ::1 at 2021-11-24 15:18:46 -0600
  [1m[35m (0.1ms)[0m  [1m[34mSELECT sqlite_version(*)[0m
Started GET "/reunions" for ::1 at 2021-11-24 15:18:46 -0600
Processing by ParksController#index as */*
  [1m[36mPark Load (0.5ms)[0m  [1m[34mSELECT "parks".* FROM "parks"[0m
Processing by PeopleController#index as */*
  [1m[36mPerson Load (0.5ms)[0m  [1m[34mSELECT "people".* FROM "people"[0m
  ↳ app/controllers/people_controller.rb:8:in `index'
Completed 200 OK in 3ms (Views: 1.9ms | ActiveRecord: 0.5ms | Allocations: 1453)


  [1m[35m (0.1ms)[0m  [1m[34mSELECT sqlite_version(*)[0m
  ↳ app/controllers/parks_controller.rb:8:in `index'
Completed 200 OK in 6ms (Views: 5.5ms | ActiveRecord: 0.5ms | Allocations: 3080)


Processing by ReunionsController#index as HTML
  [1m[36mReunion Load (0.8ms)[0m  [1m[34mSELECT "reunions".* FROM "reunions"[0m
  ↳ app/controllers/reunions_controller.rb:8:in `index'
Completed 200 OK in 2ms (Views: 1.1ms | ActiveRecord: 0.8ms | Allocations: 820)


